<?xml version="1.0" encoding="UTF-8"?>
<!-- Generated by org.testng.reporters.JUnitReportReporter -->
<testsuite hostname="suraj-PC" failures="0" tests="1" name="testpackage.TestActiTimeInvalidLogin" time="35.756" errors="0" timestamp="2022-12-19T21:05:24 IST" skipped="0">
  <testcase classname="testpackage.TestActiTimeInvalidLogin" name="invalidLoginToActiTime" time="35.756"/>
  <system-out>
    <![CDATA[Test Start]]>
  </system-out>
</testsuite> <!-- testpackage.TestActiTimeInvalidLogin -->
